Compiled jquery.js  (1ms)  (pid 32284)
Compiled jquery_ujs.js  (0ms)  (pid 32284)
Compiled animeMenu.js  (0ms)  (pid 32284)
Compiled jqTabs-jqueryToolsMin.js  (0ms)  (pid 32284)
Compiled contact.js  (0ms)  (pid 32284)
Compiled equipes.js  (0ms)  (pid 32284)
Compiled institucional.js  (0ms)  (pid 32284)
Compiled institucionals.js  (0ms)  (pid 32284)
Compiled jqMenuHorizontalmenu.js  (0ms)  (pid 32284)
Compiled application.js  (49ms)  (pid 32284)
Compiled jquery.js  (1ms)  (pid 1280)
Compiled jquery_ujs.js  (0ms)  (pid 1280)
Compiled animeMenu.js  (0ms)  (pid 1280)
Compiled jqTabs-jqueryToolsMin.js  (0ms)  (pid 1280)
Compiled contact.js  (0ms)  (pid 1280)
Compiled equipes.js  (0ms)  (pid 1280)
Compiled institucional.js  (0ms)  (pid 1280)
Compiled institucionals.js  (0ms)  (pid 1280)
Compiled jqMenuHorizontalmenu.js  (0ms)  (pid 1280)
Compiled application.js  (49ms)  (pid 1280)
Compiled jquery.js  (1ms)  (pid 2975)
Compiled jquery_ujs.js  (0ms)  (pid 2975)
Compiled animeMenu.js  (0ms)  (pid 2975)
Compiled jqTabs-jqueryToolsMin.js  (1ms)  (pid 2975)
Compiled contact.js  (0ms)  (pid 2975)
Compiled equipes.js  (0ms)  (pid 2975)
Compiled institucional.js  (0ms)  (pid 2975)
Compiled institucionals.js  (0ms)  (pid 2975)
Compiled jqMenuHorizontalmenu.js  (0ms)  (pid 2975)
Compiled application.js  (49ms)  (pid 2975)
Compiled jquery.ui.core.css  (3ms)  (pid 2975)
Compiled jquery.ui.theme.css  (7ms)  (pid 2975)
Compiled application.css  (997ms)  (pid 2975)
Compiled jquery.js  (1ms)  (pid 9648)
Compiled jquery_ujs.js  (0ms)  (pid 9648)
Compiled animeMenu.js  (0ms)  (pid 9648)
Compiled jqTabs-jqueryToolsMin.js  (0ms)  (pid 9648)
Compiled contact.js  (0ms)  (pid 9648)
Compiled equipes.js  (0ms)  (pid 9648)
Compiled institucional.js  (0ms)  (pid 9648)
Compiled institucionals.js  (0ms)  (pid 9648)
Compiled jqMenuHorizontalmenu.js  (0ms)  (pid 9648)
Compiled application.js  (49ms)  (pid 9648)
Compiled jquery.ui.core.css  (1ms)  (pid 9648)
Compiled jquery.ui.theme.css  (7ms)  (pid 9648)
Compiled application.css  (760ms)  (pid 9648)
Compiled jquery.js  (1ms)  (pid 22679)
Compiled jquery_ujs.js  (0ms)  (pid 22679)
Compiled animeMenu.js  (0ms)  (pid 22679)
Compiled jqTabs-jqueryToolsMin.js  (0ms)  (pid 22679)
Compiled jquery.featureCarousel.min.js  (0ms)  (pid 22679)
Compiled application.js  (68ms)  (pid 22679)
Compiled jquery.ui.core.css  (1ms)  (pid 22679)
Compiled jquery.ui.theme.css  (7ms)  (pid 22679)
Compiled application.css  (769ms)  (pid 22679)
Compiled jquery.js  (1ms)  (pid 30981)
Compiled jquery_ujs.js  (0ms)  (pid 30981)
Compiled animeMenu.js  (0ms)  (pid 30981)
Compiled jqTabs-jqueryToolsMin.js  (0ms)  (pid 30981)
Compiled jquery.featureCarousel.min.js  (0ms)  (pid 30981)
Compiled application.js  (37ms)  (pid 30981)
Compiled jquery.ui.core.css  (0ms)  (pid 30981)
Compiled jquery.ui.theme.css  (7ms)  (pid 30981)
Compiled application.css  (915ms)  (pid 30981)
Compiled jquery.js  (1ms)  (pid 2510)
Compiled jquery_ujs.js  (0ms)  (pid 2510)
Compiled animeMenu.js  (0ms)  (pid 2510)
Compiled jqTabs-jqueryToolsMin.js  (1ms)  (pid 2510)
Compiled jquery.featureCarousel.min.js  (0ms)  (pid 2510)
Compiled application.js  (42ms)  (pid 2510)
Compiled jquery.ui.core.css  (1ms)  (pid 2510)
Compiled jquery.ui.theme.css  (7ms)  (pid 2510)
Compiled application.css  (908ms)  (pid 2510)
Compiled jquery.js  (1ms)  (pid 9940)
Compiled jquery_ujs.js  (0ms)  (pid 9940)
Compiled animeMenu.js  (0ms)  (pid 9940)
Compiled jqTabs-jqueryToolsMin.js  (19ms)  (pid 9940)
Compiled jquery.featureCarousel.min.js  (0ms)  (pid 9940)
Compiled application.js  (39ms)  (pid 9940)
Compiled jquery.ui.core.css  (1ms)  (pid 9940)
Compiled jquery.ui.theme.css  (8ms)  (pid 9940)
Compiled application.css  (903ms)  (pid 9940)
Compiled jquery.js  (1ms)  (pid 7788)
Compiled jquery_ujs.js  (0ms)  (pid 7788)
Compiled animeMenu.js  (0ms)  (pid 7788)
Compiled jqTabs-jqueryToolsMin.js  (0ms)  (pid 7788)
Compiled jquery.featureCarousel.min.js  (0ms)  (pid 7788)
Compiled application.js  (39ms)  (pid 7788)
Compiled jquery.ui.core.css  (1ms)  (pid 7788)
Compiled jquery.ui.theme.css  (6ms)  (pid 7788)
Compiled application.css  (1159ms)  (pid 7788)
Compiled jquery.js  (1ms)  (pid 15597)
Compiled jquery_ujs.js  (0ms)  (pid 15597)
Compiled animeMenu.js  (0ms)  (pid 15597)
Compiled jqTabs-jqueryToolsMin.js  (0ms)  (pid 15597)
Compiled jquery.featureCarousel.min.js  (0ms)  (pid 15597)
Compiled application.js  (61ms)  (pid 15597)
Compiled jquery.ui.core.css  (1ms)  (pid 15597)
Compiled jquery.ui.theme.css  (7ms)  (pid 15597)
Compiled application.css  (1197ms)  (pid 15597)
Compiled jquery.js  (21ms)  (pid 15925)
Compiled jquery_ujs.js  (0ms)  (pid 15925)
Compiled animeMenu.js  (0ms)  (pid 15925)
Compiled jqTabs-jqueryToolsMin.js  (0ms)  (pid 15925)
Compiled jquery.featureCarousel.min.js  (0ms)  (pid 15925)
Compiled application.js  (41ms)  (pid 15925)
Compiled jquery.ui.core.css  (1ms)  (pid 15925)
Compiled jquery.ui.theme.css  (6ms)  (pid 15925)
Compiled application.css  (921ms)  (pid 15925)
Compiled jquery.js  (5ms)  (pid 15588)
Compiled jquery_ujs.js  (0ms)  (pid 15588)
Compiled animeMenu.js  (1ms)  (pid 15588)
Compiled jqTabs-jqueryToolsMin.js  (3ms)  (pid 15588)
Compiled jquery.featureCarousel.min.js  (0ms)  (pid 15588)
Compiled application.js  (147ms)  (pid 15588)
Compiled jquery.ui.core.css  (4ms)  (pid 15588)
Compiled jquery.ui.theme.css  (25ms)  (pid 15588)
Compiled application.css  (4530ms)  (pid 15588)
Compiled jquery.js  (6ms)  (pid 15793)
Compiled jquery_ujs.js  (1ms)  (pid 15793)
Compiled animeMenu.js  (1ms)  (pid 15793)
Compiled jqTabs-jqueryToolsMin.js  (2ms)  (pid 15793)
Compiled jquery.featureCarousel.min.js  (0ms)  (pid 15793)
Compiled application.js  (124ms)  (pid 15793)
Compiled jquery.ui.core.css  (3ms)  (pid 15793)
Compiled jquery.ui.theme.css  (69ms)  (pid 15793)
Compiled application.css  (2962ms)  (pid 15793)
Compiled jquery.js  (22ms)  (pid 21610)
Compiled jquery_ujs.js  (0ms)  (pid 21610)
Compiled animeMenu.js  (1ms)  (pid 21610)
Compiled jqTabs-jqueryToolsMin.js  (1ms)  (pid 21610)
Compiled jquery.featureCarousel.min.js  (0ms)  (pid 21610)
Compiled application.js  (96ms)  (pid 21610)
Compiled jquery.ui.core.css  (2ms)  (pid 21610)
Compiled jquery.ui.theme.css  (40ms)  (pid 21610)
Compiled application.css  (2954ms)  (pid 21610)
Compiled jquery.js  (5ms)  (pid 11006)
Compiled jquery_ujs.js  (0ms)  (pid 11006)
Compiled animeMenu.js  (1ms)  (pid 11006)
Compiled jqTabs-jqueryToolsMin.js  (2ms)  (pid 11006)
Compiled jquery.featureCarousel.min.js  (0ms)  (pid 11006)
Compiled application.js  (111ms)  (pid 11006)
Compiled jquery.js  (6ms)  (pid 13033)
Compiled jquery_ujs.js  (0ms)  (pid 13033)
Compiled animeMenu.js  (1ms)  (pid 13033)
Compiled jqTabs-jqueryToolsMin.js  (2ms)  (pid 13033)
Compiled jquery.featureCarousel.min.js  (0ms)  (pid 13033)
Compiled application.js  (115ms)  (pid 13033)
Compiled jquery.js  (1ms)  (pid 16174)
Compiled jquery_ujs.js  (0ms)  (pid 16174)
Compiled animeMenu.js  (0ms)  (pid 16174)
Compiled jqTabs-jqueryToolsMin.js  (0ms)  (pid 16174)
Compiled jquery.featureCarousel.min.js  (0ms)  (pid 16174)
Compiled application.js  (39ms)  (pid 16174)
Compiled jquery.js  (20ms)  (pid 19767)
Compiled jquery_ujs.js  (0ms)  (pid 19767)
Compiled animeMenu.js  (0ms)  (pid 19767)
Compiled jqTabs-jqueryToolsMin.js  (0ms)  (pid 19767)
Compiled jquery.featureCarousel.min.js  (0ms)  (pid 19767)
Compiled application.js  (39ms)  (pid 19767)
Compiled jquery.js  (20ms)  (pid 1819)
Compiled jquery_ujs.js  (0ms)  (pid 1819)
Compiled animeMenu.js  (0ms)  (pid 1819)
Compiled jqTabs-jqueryToolsMin.js  (0ms)  (pid 1819)
Compiled jquery.featureCarousel.min.js  (0ms)  (pid 1819)
Compiled application.js  (40ms)  (pid 1819)
Compiled jquery.js  (20ms)  (pid 5530)
Compiled jquery_ujs.js  (0ms)  (pid 5530)
Compiled animeMenu.js  (0ms)  (pid 5530)
Compiled jqTabs-jqueryToolsMin.js  (0ms)  (pid 5530)
Compiled jquery.featureCarousel.min.js  (0ms)  (pid 5530)
Compiled application.js  (39ms)  (pid 5530)
Compiled jquery.js  (22ms)  (pid 10442)
Compiled jquery_ujs.js  (0ms)  (pid 10442)
Compiled animeMenu.js  (0ms)  (pid 10442)
Compiled jqTabs-jqueryToolsMin.js  (0ms)  (pid 10442)
Compiled jquery.featureCarousel.min.js  (0ms)  (pid 10442)
Compiled application.js  (42ms)  (pid 10442)
Compiled jquery.js  (1ms)  (pid 23076)
Compiled jquery_ujs.js  (0ms)  (pid 23076)
Compiled animeMenu.js  (0ms)  (pid 23076)
Compiled jqTabs-jqueryToolsMin.js  (1ms)  (pid 23076)
Compiled jquery.featureCarousel.min.js  (0ms)  (pid 23076)
Compiled application.js  (38ms)  (pid 23076)
Compiled jquery.ui.core.css  (3ms)  (pid 23076)
Compiled jquery.ui.theme.css  (7ms)  (pid 23076)
Compiled application.css  (1597ms)  (pid 23076)
Compiled jquery.js  (1ms)  (pid 6257)
Compiled jquery_ujs.js  (0ms)  (pid 6257)
Compiled animeMenu.js  (0ms)  (pid 6257)
Compiled jqTabs-jqueryToolsMin.js  (0ms)  (pid 6257)
Compiled jquery.featureCarousel.min.js  (0ms)  (pid 6257)
Compiled application.js  (45ms)  (pid 6257)
Compiled jquery.ui.core.css  (1ms)  (pid 6257)
Compiled jquery.ui.theme.css  (9ms)  (pid 6257)
Compiled application.css  (1135ms)  (pid 6257)
Compiled jquery.js  (1ms)  (pid 10447)
Compiled jquery_ujs.js  (0ms)  (pid 10447)
Compiled animeMenu.js  (0ms)  (pid 10447)
Compiled jqTabs-jqueryToolsMin.js  (0ms)  (pid 10447)
Compiled jquery.featureCarousel.min.js  (0ms)  (pid 10447)
Compiled application.js  (40ms)  (pid 10447)
Compiled jquery.ui.core.css  (0ms)  (pid 10447)
Compiled jquery.ui.theme.css  (7ms)  (pid 10447)
Compiled application.css  (995ms)  (pid 10447)
Compiled jquery.js  (1ms)  (pid 12563)
Compiled jquery_ujs.js  (0ms)  (pid 12563)
Compiled animeMenu.js  (0ms)  (pid 12563)
Compiled jqTabs-jqueryToolsMin.js  (0ms)  (pid 12563)
Compiled jquery.featureCarousel.min.js  (0ms)  (pid 12563)
Compiled application.js  (41ms)  (pid 12563)
Compiled jquery.ui.core.css  (1ms)  (pid 12563)
Compiled jquery.ui.theme.css  (7ms)  (pid 12563)
Compiled application.css  (989ms)  (pid 12563)
Compiled jquery.js  (1ms)  (pid 25794)
Compiled jquery_ujs.js  (0ms)  (pid 25794)
Compiled animeMenu.js  (0ms)  (pid 25794)
Compiled jqTabs-jqueryToolsMin.js  (0ms)  (pid 25794)
Compiled jquery.featureCarousel.min.js  (0ms)  (pid 25794)
Compiled application.js  (39ms)  (pid 25794)
Compiled jquery.ui.core.css  (0ms)  (pid 25794)
Compiled jquery.ui.theme.css  (25ms)  (pid 25794)
Compiled application.css  (995ms)  (pid 25794)
Compiled jquery.js  (1ms)  (pid 28350)
Compiled jquery_ujs.js  (0ms)  (pid 28350)
Compiled animeMenu.js  (0ms)  (pid 28350)
Compiled jqTabs-jqueryToolsMin.js  (0ms)  (pid 28350)
Compiled jquery.featureCarousel.min.js  (0ms)  (pid 28350)
Compiled application.js  (38ms)  (pid 28350)
Compiled jquery.js  (1ms)  (pid 31591)
Compiled jquery_ujs.js  (0ms)  (pid 31591)
Compiled animeMenu.js  (0ms)  (pid 31591)
Compiled jqTabs-jqueryToolsMin.js  (0ms)  (pid 31591)
Compiled jquery.featureCarousel.min.js  (0ms)  (pid 31591)
Compiled application.js  (41ms)  (pid 31591)
Compiled jquery.js  (1ms)  (pid 32694)
Compiled jquery_ujs.js  (0ms)  (pid 32694)
Compiled animeMenu.js  (0ms)  (pid 32694)
Compiled jqTabs-jqueryToolsMin.js  (0ms)  (pid 32694)
Compiled jquery.featureCarousel.min.js  (0ms)  (pid 32694)
Compiled application.js  (39ms)  (pid 32694)
Compiled jquery.js  (1ms)  (pid 1344)
Compiled jquery_ujs.js  (0ms)  (pid 1344)
Compiled animeMenu.js  (0ms)  (pid 1344)
Compiled jqTabs-jqueryToolsMin.js  (0ms)  (pid 1344)
Compiled jquery.featureCarousel.min.js  (0ms)  (pid 1344)
Compiled application.js  (38ms)  (pid 1344)
Compiled jquery.js  (1ms)  (pid 2061)
Compiled jquery_ujs.js  (0ms)  (pid 2061)
Compiled animeMenu.js  (0ms)  (pid 2061)
Compiled jqTabs-jqueryToolsMin.js  (0ms)  (pid 2061)
Compiled jquery.featureCarousel.min.js  (0ms)  (pid 2061)
Compiled application.js  (38ms)  (pid 2061)
Compiled jquery.js  (1ms)  (pid 3729)
Compiled jquery_ujs.js  (0ms)  (pid 3729)
Compiled animeMenu.js  (0ms)  (pid 3729)
Compiled jqTabs-jqueryToolsMin.js  (0ms)  (pid 3729)
Compiled jquery.featureCarousel.min.js  (0ms)  (pid 3729)
Compiled application.js  (39ms)  (pid 3729)
Compiled jquery.ui.core.css  (1ms)  (pid 3729)
Compiled jquery.ui.theme.css  (26ms)  (pid 3729)
Compiled application.css  (958ms)  (pid 3729)
Compiled jquery.js  (1ms)  (pid 30850)
Compiled jquery_ujs.js  (0ms)  (pid 30850)
Compiled animeMenu.js  (0ms)  (pid 30850)
Compiled jqTabs-jqueryToolsMin.js  (0ms)  (pid 30850)
Compiled jquery.featureCarousel.min.js  (0ms)  (pid 30850)
Compiled application.js  (39ms)  (pid 30850)
Compiled jquery.ui.core.css  (1ms)  (pid 30850)
Compiled jquery.ui.theme.css  (26ms)  (pid 30850)
Compiled application.css  (955ms)  (pid 30850)
Compiled jquery.js  (5ms)  (pid 10239)
Compiled jquery_ujs.js  (1ms)  (pid 10239)
Compiled animeMenu.js  (1ms)  (pid 10239)
Compiled jqTabs-jqueryToolsMin.js  (3ms)  (pid 10239)
Compiled jquery.featureCarousel.min.js  (1ms)  (pid 10239)
Compiled application.js  (210ms)  (pid 10239)
Compiled jquery.ui.core.css  (3ms)  (pid 10239)
Compiled jquery.ui.theme.css  (27ms)  (pid 10239)
Compiled application.css  (4196ms)  (pid 10239)
Compiled jquery.js  (3ms)  (pid 23449)
Compiled jquery_ujs.js  (0ms)  (pid 23449)
Compiled animeMenu.js  (0ms)  (pid 23449)
Compiled jqTabs-jqueryToolsMin.js  (0ms)  (pid 23449)
Compiled jquery.featureCarousel.min.js  (0ms)  (pid 23449)
Compiled application.js  (40ms)  (pid 23449)
Compiled jquery.js  (3ms)  (pid 25886)
Compiled jquery_ujs.js  (0ms)  (pid 25886)
Compiled animeMenu.js  (0ms)  (pid 25886)
Compiled jqTabs-jqueryToolsMin.js  (1ms)  (pid 25886)
Compiled jquery.featureCarousel.min.js  (0ms)  (pid 25886)
Compiled application.js  (40ms)  (pid 25886)
Compiled jquery.js  (3ms)  (pid 26708)
Compiled jquery_ujs.js  (0ms)  (pid 26708)
Compiled animeMenu.js  (0ms)  (pid 26708)
Compiled jqTabs-jqueryToolsMin.js  (0ms)  (pid 26708)
Compiled jquery.featureCarousel.min.js  (0ms)  (pid 26708)
Compiled application.js  (40ms)  (pid 26708)
Compiled jquery.js  (3ms)  (pid 28328)
Compiled jquery_ujs.js  (0ms)  (pid 28328)
Compiled animeMenu.js  (0ms)  (pid 28328)
Compiled jqTabs-jqueryToolsMin.js  (0ms)  (pid 28328)
Compiled jquery.featureCarousel.min.js  (0ms)  (pid 28328)
Compiled application.js  (41ms)  (pid 28328)
Compiled jquery.js  (3ms)  (pid 12953)
Compiled jquery_ujs.js  (0ms)  (pid 12953)
Compiled animeMenu.js  (0ms)  (pid 12953)
Compiled jqTabs-jqueryToolsMin.js  (0ms)  (pid 12953)
Compiled jquery.featureCarousel.min.js  (0ms)  (pid 12953)
Compiled application.js  (39ms)  (pid 12953)
Compiled jquery.js  (3ms)  (pid 12966)
Compiled jquery_ujs.js  (0ms)  (pid 12966)
Compiled animeMenu.js  (0ms)  (pid 12966)
Compiled jqTabs-jqueryToolsMin.js  (0ms)  (pid 12966)
Compiled jquery.featureCarousel.min.js  (0ms)  (pid 12966)
Compiled application.js  (41ms)  (pid 12966)
Compiled jquery.js  (3ms)  (pid 31482)
Compiled jquery_ujs.js  (0ms)  (pid 31482)
Compiled animeMenu.js  (0ms)  (pid 31482)
Compiled jqTabs-jqueryToolsMin.js  (0ms)  (pid 31482)
Compiled jquery.featureCarousel.min.js  (0ms)  (pid 31482)
Compiled application.js  (40ms)  (pid 31482)
Compiled jquery.js  (3ms)  (pid 1352)
Compiled jquery_ujs.js  (0ms)  (pid 1352)
Compiled animeMenu.js  (0ms)  (pid 1352)
Compiled jqTabs-jqueryToolsMin.js  (0ms)  (pid 1352)
Compiled jquery.featureCarousel.min.js  (0ms)  (pid 1352)
Compiled application.js  (42ms)  (pid 1352)
Compiled jquery.js  (3ms)  (pid 7831)
Compiled jquery_ujs.js  (0ms)  (pid 7831)
Compiled animeMenu.js  (0ms)  (pid 7831)
Compiled jqTabs-jqueryToolsMin.js  (0ms)  (pid 7831)
Compiled jquery.featureCarousel.min.js  (0ms)  (pid 7831)
Compiled application.js  (40ms)  (pid 7831)
Compiled jquery.js  (3ms)  (pid 20049)
Compiled jquery_ujs.js  (0ms)  (pid 20049)
Compiled animeMenu.js  (0ms)  (pid 20049)
Compiled jqTabs-jqueryToolsMin.js  (0ms)  (pid 20049)
Compiled jquery.featureCarousel.min.js  (0ms)  (pid 20049)
Compiled application.js  (41ms)  (pid 20049)
Compiled jquery.js  (3ms)  (pid 21995)
Compiled jquery_ujs.js  (0ms)  (pid 21995)
Compiled animeMenu.js  (0ms)  (pid 21995)
Compiled jqTabs-jqueryToolsMin.js  (0ms)  (pid 21995)
Compiled jquery.featureCarousel.min.js  (0ms)  (pid 21995)
Compiled application.js  (41ms)  (pid 21995)
Compiled jquery.js  (3ms)  (pid 21139)
Compiled jquery_ujs.js  (18ms)  (pid 21139)
Compiled animeMenu.js  (0ms)  (pid 21139)
Compiled jqTabs-jqueryToolsMin.js  (0ms)  (pid 21139)
Compiled jquery.featureCarousel.min.js  (0ms)  (pid 21139)
Compiled application.js  (54ms)  (pid 21139)
Compiled jquery.js  (3ms)  (pid 21225)
Compiled jquery_ujs.js  (0ms)  (pid 21225)
Compiled animeMenu.js  (0ms)  (pid 21225)
Compiled jqTabs-jqueryToolsMin.js  (0ms)  (pid 21225)
Compiled jquery.featureCarousel.min.js  (0ms)  (pid 21225)
Compiled application.js  (39ms)  (pid 21225)
Compiled jquery.js  (3ms)  (pid 21301)
Compiled jquery_ujs.js  (0ms)  (pid 21301)
Compiled animeMenu.js  (0ms)  (pid 21301)
Compiled jqTabs-jqueryToolsMin.js  (0ms)  (pid 21301)
Compiled jquery.featureCarousel.min.js  (0ms)  (pid 21301)
Compiled application.js  (43ms)  (pid 21301)
Compiled jquery.js  (5ms)  (pid 8929)
Compiled jquery_ujs.js  (0ms)  (pid 8929)
Compiled animeMenu.js  (0ms)  (pid 8929)
Compiled jqTabs-jqueryToolsMin.js  (1ms)  (pid 8929)
Compiled jquery.featureCarousel.min.js  (1ms)  (pid 8929)
Compiled application.js  (177ms)  (pid 8929)
Compiled jquery.js  (3ms)  (pid 32615)
Compiled jquery_ujs.js  (0ms)  (pid 32615)
Compiled animeMenu.js  (0ms)  (pid 32615)
Compiled jqTabs-jqueryToolsMin.js  (0ms)  (pid 32615)
Compiled jquery.featureCarousel.min.js  (0ms)  (pid 32615)
Compiled application.js  (42ms)  (pid 32615)
Compiled jquery.js  (3ms)  (pid 1204)
Compiled jquery_ujs.js  (0ms)  (pid 1204)
Compiled animeMenu.js  (0ms)  (pid 1204)
Compiled jqTabs-jqueryToolsMin.js  (0ms)  (pid 1204)
Compiled jquery.featureCarousel.min.js  (0ms)  (pid 1204)
Compiled application.js  (39ms)  (pid 1204)
Compiled jquery.js  (3ms)  (pid 4724)
Compiled jquery_ujs.js  (0ms)  (pid 4724)
Compiled animeMenu.js  (0ms)  (pid 4724)
Compiled jqTabs-jqueryToolsMin.js  (0ms)  (pid 4724)
Compiled jquery.featureCarousel.min.js  (0ms)  (pid 4724)
Compiled application.js  (40ms)  (pid 4724)
Compiled jquery.js  (3ms)  (pid 5278)
Compiled jquery_ujs.js  (0ms)  (pid 5278)
Compiled animeMenu.js  (0ms)  (pid 5278)
Compiled jqTabs-jqueryToolsMin.js  (0ms)  (pid 5278)
Compiled jquery.featureCarousel.min.js  (0ms)  (pid 5278)
Compiled application.js  (39ms)  (pid 5278)
Compiled jquery.js  (3ms)  (pid 6779)
Compiled jquery_ujs.js  (0ms)  (pid 6779)
Compiled animeMenu.js  (0ms)  (pid 6779)
Compiled jqTabs-jqueryToolsMin.js  (0ms)  (pid 6779)
Compiled jquery.featureCarousel.min.js  (0ms)  (pid 6779)
Compiled application.js  (39ms)  (pid 6779)
Compiled jquery.js  (3ms)  (pid 7882)
Compiled jquery_ujs.js  (0ms)  (pid 7882)
Compiled animeMenu.js  (0ms)  (pid 7882)
Compiled jqTabs-jqueryToolsMin.js  (0ms)  (pid 7882)
Compiled jquery.featureCarousel.min.js  (0ms)  (pid 7882)
Compiled application.js  (40ms)  (pid 7882)
Compiled jquery.js  (3ms)  (pid 9348)
Compiled jquery_ujs.js  (0ms)  (pid 9348)
Compiled animeMenu.js  (0ms)  (pid 9348)
Compiled jqTabs-jqueryToolsMin.js  (0ms)  (pid 9348)
Compiled jquery.featureCarousel.min.js  (0ms)  (pid 9348)
Compiled application.js  (38ms)  (pid 9348)
Compiled jquery.js  (3ms)  (pid 28133)
Compiled jquery_ujs.js  (0ms)  (pid 28133)
Compiled animeMenu.js  (0ms)  (pid 28133)
Compiled jqTabs-jqueryToolsMin.js  (0ms)  (pid 28133)
Compiled jquery.featureCarousel.min.js  (0ms)  (pid 28133)
Compiled application.js  (49ms)  (pid 28133)
